c:\users\afsdl\source\repos\timidity_back\libarc\debug\libarc.pdb
c:\users\afsdl\source\repos\timidity_back\libarc\debug\libarc.idb
c:\users\afsdl\source\repos\timidity_back\libarc\debug\deflate.obj
c:\users\afsdl\source\repos\timidity_back\libarc\debug\explode.obj
c:\users\afsdl\source\repos\timidity_back\libarc\debug\inflate.obj
c:\users\afsdl\source\repos\timidity_back\libarc\debug\unlzh.obj
c:\users\afsdl\source\repos\timidity_back\libarc\debug\url.obj
c:\users\afsdl\source\repos\timidity_back\libarc\debug\url_b64decode.obj
c:\users\afsdl\source\repos\timidity_back\libarc\debug\url_buff.obj
c:\users\afsdl\source\repos\timidity_back\libarc\debug\url_cache.obj
c:\users\afsdl\source\repos\timidity_back\libarc\debug\url_dir.obj
c:\users\afsdl\source\repos\timidity_back\libarc\debug\url_file.obj
c:\users\afsdl\source\repos\timidity_back\libarc\debug\url_ftp.obj
c:\users\afsdl\source\repos\timidity_back\libarc\debug\url_hqxdecode.obj
c:\users\afsdl\source\repos\timidity_back\libarc\debug\url_http.obj
c:\users\afsdl\source\repos\timidity_back\libarc\debug\url_inflate.obj
c:\users\afsdl\source\repos\timidity_back\libarc\debug\url_mem.obj
c:\users\afsdl\source\repos\timidity_back\libarc\debug\url_news.obj
c:\users\afsdl\source\repos\timidity_back\libarc\debug\url_newsgroup.obj
c:\users\afsdl\source\repos\timidity_back\libarc\debug\url_pipe.obj
c:\users\afsdl\source\repos\timidity_back\libarc\debug\url_qsdecode.obj
c:\users\afsdl\source\repos\timidity_back\libarc\debug\url_uudecode.obj
c:\users\afsdl\source\repos\timidity_back\libarc\debug\arc.obj
c:\users\afsdl\source\repos\timidity_back\libarc\debug\arc_lzh.obj
c:\users\afsdl\source\repos\timidity_back\libarc\debug\arc_mime.obj
c:\users\afsdl\source\repos\timidity_back\libarc\debug\arc_tar.obj
c:\users\afsdl\source\repos\timidity_back\libarc\debug\arc_zip.obj
c:\users\afsdl\source\repos\timidity_back\debug\libarc.lib
c:\users\afsdl\source\repos\timidity_old\libarc\debug\arc.obj
c:\users\afsdl\source\repos\timidity_old\libarc\debug\arc_lzh.obj
c:\users\afsdl\source\repos\timidity_old\libarc\debug\arc_mime.obj
c:\users\afsdl\source\repos\timidity_old\libarc\debug\arc_tar.obj
c:\users\afsdl\source\repos\timidity_old\libarc\debug\arc_zip.obj
c:\users\afsdl\source\repos\timidity_old\libarc\debug\deflate.obj
c:\users\afsdl\source\repos\timidity_old\libarc\debug\explode.obj
c:\users\afsdl\source\repos\timidity_old\libarc\debug\inflate.obj
c:\users\afsdl\source\repos\timidity_old\libarc\debug\unlzh.obj
c:\users\afsdl\source\repos\timidity_old\libarc\debug\url.obj
c:\users\afsdl\source\repos\timidity_old\libarc\debug\url_b64decode.obj
c:\users\afsdl\source\repos\timidity_old\libarc\debug\url_buff.obj
c:\users\afsdl\source\repos\timidity_old\libarc\debug\url_cache.obj
c:\users\afsdl\source\repos\timidity_old\libarc\debug\url_dir.obj
c:\users\afsdl\source\repos\timidity_old\libarc\debug\url_file.obj
c:\users\afsdl\source\repos\timidity_old\libarc\debug\url_ftp.obj
c:\users\afsdl\source\repos\timidity_old\libarc\debug\url_hqxdecode.obj
c:\users\afsdl\source\repos\timidity_old\libarc\debug\url_http.obj
c:\users\afsdl\source\repos\timidity_old\libarc\debug\url_inflate.obj
c:\users\afsdl\source\repos\timidity_old\libarc\debug\url_mem.obj
c:\users\afsdl\source\repos\timidity_old\libarc\debug\url_news.obj
c:\users\afsdl\source\repos\timidity_old\libarc\debug\url_newsgroup.obj
c:\users\afsdl\source\repos\timidity_old\libarc\debug\url_pipe.obj
c:\users\afsdl\source\repos\timidity_old\libarc\debug\url_qsdecode.obj
c:\users\afsdl\source\repos\timidity_old\libarc\debug\url_uudecode.obj
c:\users\afsdl\source\repos\timidity_old\libarc\debug\libarc.idb
c:\users\afsdl\source\repos\timidity_old\libarc\debug\libarc.pdb
c:\users\afsdl\source\repos\timidity_old\libarc\debug\libarc.tlog\cl.command.1.tlog
c:\users\afsdl\source\repos\timidity_old\libarc\debug\libarc.tlog\cl.items.tlog
c:\users\afsdl\source\repos\timidity_old\libarc\debug\libarc.tlog\cl.read.1.tlog
c:\users\afsdl\source\repos\timidity_old\libarc\debug\libarc.tlog\cl.write.1.tlog
c:\users\afsdl\source\repos\timidity_old\libarc\debug\libarc.tlog\lib-link.read.1.tlog
c:\users\afsdl\source\repos\timidity_old\libarc\debug\libarc.tlog\lib-link.write.1.tlog
c:\users\afsdl\source\repos\timidity_old\libarc\debug\libarc.tlog\lib.command.1.tlog
