c:\users\afsdl\source\repos\timidity_back\interface\debug\interface.pdb
c:\users\afsdl\source\repos\timidity_back\interface\debug\interface.idb
c:\users\afsdl\source\repos\timidity_back\interface\debug\dumb_c.obj
c:\users\afsdl\source\repos\timidity_back\interface\debug\vt100.obj
c:\users\afsdl\source\repos\timidity_back\interface\debug\vt100_c.obj
c:\users\afsdl\source\repos\timidity_back\interface\debug\vtprstbl.obj
c:\users\afsdl\source\repos\timidity_back\interface\debug\wrdt_dumb.obj
c:\users\afsdl\source\repos\timidity_back\interface\debug\wrdt_tty.obj
c:\users\afsdl\source\repos\timidity_back\debug\interface.lib
c:\users\afsdl\source\repos\timidity_old\interface\debug\dumb_c.obj
c:\users\afsdl\source\repos\timidity_old\interface\debug\vt100.obj
c:\users\afsdl\source\repos\timidity_old\interface\debug\vt100_c.obj
c:\users\afsdl\source\repos\timidity_old\interface\debug\vtprstbl.obj
c:\users\afsdl\source\repos\timidity_old\interface\debug\wrdt_dumb.obj
c:\users\afsdl\source\repos\timidity_old\interface\debug\wrdt_tty.obj
c:\users\afsdl\source\repos\timidity_old\interface\debug\interface.idb
c:\users\afsdl\source\repos\timidity_old\interface\debug\interface.pdb
c:\users\afsdl\source\repos\timidity_old\interface\debug\interface.tlog\cl.command.1.tlog
c:\users\afsdl\source\repos\timidity_old\interface\debug\interface.tlog\cl.items.tlog
c:\users\afsdl\source\repos\timidity_old\interface\debug\interface.tlog\cl.read.1.tlog
c:\users\afsdl\source\repos\timidity_old\interface\debug\interface.tlog\cl.write.1.tlog
c:\users\afsdl\source\repos\timidity_old\interface\debug\interface.tlog\lib-link.read.1.tlog
c:\users\afsdl\source\repos\timidity_old\interface\debug\interface.tlog\lib-link.write.1.tlog
c:\users\afsdl\source\repos\timidity_old\interface\debug\interface.tlog\lib.command.1.tlog
