c:\users\afsdl\source\repos\timidity_back\libarc\release\libarc.pdb
c:\users\afsdl\source\repos\timidity_back\libarc\release\url_mem.obj
c:\users\afsdl\source\repos\timidity_back\libarc\release\url_inflate.obj
c:\users\afsdl\source\repos\timidity_back\libarc\release\url_http.obj
c:\users\afsdl\source\repos\timidity_back\libarc\release\url_hqxdecode.obj
c:\users\afsdl\source\repos\timidity_back\libarc\release\url_ftp.obj
c:\users\afsdl\source\repos\timidity_back\libarc\release\url_file.obj
c:\users\afsdl\source\repos\timidity_back\libarc\release\url_dir.obj
c:\users\afsdl\source\repos\timidity_back\libarc\release\url_cache.obj
c:\users\afsdl\source\repos\timidity_back\libarc\release\url_buff.obj
c:\users\afsdl\source\repos\timidity_back\libarc\release\url_b64decode.obj
c:\users\afsdl\source\repos\timidity_back\libarc\release\url.obj
c:\users\afsdl\source\repos\timidity_back\libarc\release\unlzh.obj
c:\users\afsdl\source\repos\timidity_back\libarc\release\inflate.obj
c:\users\afsdl\source\repos\timidity_back\libarc\release\explode.obj
c:\users\afsdl\source\repos\timidity_back\libarc\release\deflate.obj
c:\users\afsdl\source\repos\timidity_back\libarc\release\arc_zip.obj
c:\users\afsdl\source\repos\timidity_back\libarc\release\arc_tar.obj
c:\users\afsdl\source\repos\timidity_back\libarc\release\arc_mime.obj
c:\users\afsdl\source\repos\timidity_back\libarc\release\arc_lzh.obj
c:\users\afsdl\source\repos\timidity_back\libarc\release\arc.obj
c:\users\afsdl\source\repos\timidity_back\libarc\release\url_uudecode.obj
c:\users\afsdl\source\repos\timidity_back\libarc\release\url_qsdecode.obj
c:\users\afsdl\source\repos\timidity_back\libarc\release\url_pipe.obj
c:\users\afsdl\source\repos\timidity_back\libarc\release\url_newsgroup.obj
c:\users\afsdl\source\repos\timidity_back\libarc\release\url_news.obj
c:\users\afsdl\source\repos\timidity_back\release\libarc.lib
c:\users\afsdl\source\repos\timidity_back\libarc\release\libarc.tlog\cl.command.1.tlog
c:\users\afsdl\source\repos\timidity_back\libarc\release\libarc.tlog\cl.items.tlog
c:\users\afsdl\source\repos\timidity_back\libarc\release\libarc.tlog\cl.read.1.tlog
c:\users\afsdl\source\repos\timidity_back\libarc\release\libarc.tlog\cl.write.1.tlog
c:\users\afsdl\source\repos\timidity_back\libarc\release\libarc.tlog\lib-link.read.1.tlog
c:\users\afsdl\source\repos\timidity_back\libarc\release\libarc.tlog\lib-link.write.1.tlog
c:\users\afsdl\source\repos\timidity_back\libarc\release\libarc.tlog\lib.command.1.tlog
