  aiff_a.c
C:\Users\afsdl\source\repos\timidity_old\timidity\aiff_a.c(97,15): warning C4996: 'strerror': This function or variable may be unsafe. Consider using strerror_s instead. To disable deprecation, use _CRT_SECURE_NO_WARNINGS. See online help for details.
C:\Users\afsdl\source\repos\timidity_old\timidity\aiff_a.c(111,15): warning C4996: 'strerror': This function or variable may be unsafe. Consider using strerror_s instead. To disable deprecation, use _CRT_SECURE_NO_WARNINGS. See online help for details.
C:\Users\afsdl\source\repos\timidity_old\timidity\aiff_a.c(124,15): warning C4996: 'strerror': This function or variable may be unsafe. Consider using strerror_s instead. To disable deprecation, use _CRT_SECURE_NO_WARNINGS. See online help for details.
C:\Users\afsdl\source\repos\timidity_old\timidity\aiff_a.c(140,15): warning C4996: 'strerror': This function or variable may be unsafe. Consider using strerror_s instead. To disable deprecation, use _CRT_SECURE_NO_WARNINGS. See online help for details.
C:\Users\afsdl\source\repos\timidity_old\timidity\aiff_a.c(171,15): warning C4996: 'strerror': This function or variable may be unsafe. Consider using strerror_s instead. To disable deprecation, use _CRT_SECURE_NO_WARNINGS. See online help for details.
C:\Users\afsdl\source\repos\timidity_old\timidity\aiff_a.c(246,29): warning C4267: '=': 將 'size_t' 轉換為 'uint8'，資料可能遺失
C:\Users\afsdl\source\repos\timidity_old\timidity\aiff_a.c(216,14): warning C4996: '_open': This function or variable may be unsafe. Consider using _sopen_s instead. To disable deprecation, use _CRT_SECURE_NO_WARNINGS. See online help for details.
C:\Users\afsdl\source\repos\timidity_old\timidity\aiff_a.c(219,10): warning C4996: 'strerror': This function or variable may be unsafe. Consider using strerror_s instead. To disable deprecation, use _CRT_SECURE_NO_WARNINGS. See online help for details.
C:\Users\afsdl\source\repos\timidity_old\timidity\aiff_a.c(303,3): warning C4996: 'strcpy': This function or variable may be unsafe. Consider using strcpy_s instead. To disable deprecation, use _CRT_SECURE_NO_WARNINGS. See online help for details.
C:\Users\afsdl\source\repos\timidity_old\timidity\aiff_a.c(321,5): warning C4996: 'strcpy': This function or variable may be unsafe. Consider using strcpy_s instead. To disable deprecation, use _CRT_SECURE_NO_WARNINGS. See online help for details.
C:\Users\afsdl\source\repos\timidity_old\timidity\aiff_a.c(323,5): warning C4996: 'strcpy': This function or variable may be unsafe. Consider using strcpy_s instead. To disable deprecation, use _CRT_SECURE_NO_WARNINGS. See online help for details.
C:\Users\afsdl\source\repos\timidity_old\timidity\aiff_a.c(383,15): warning C4996: 'strerror': This function or variable may be unsafe. Consider using strerror_s instead. To disable deprecation, use _CRT_SECURE_NO_WARNINGS. See online help for details.
  aq.c
  audio_cnv.c
  au_a.c
C:\Users\afsdl\source\repos\timidity_old\timidity\au_a.c(101,15): warning C4996: 'strerror': This function or variable may be unsafe. Consider using strerror_s instead. To disable deprecation, use _CRT_SECURE_NO_WARNINGS. See online help for details.
C:\Users\afsdl\source\repos\timidity_old\timidity\au_a.c(114,15): warning C4996: 'strerror': This function or variable may be unsafe. Consider using strerror_s instead. To disable deprecation, use _CRT_SECURE_NO_WARNINGS. See online help for details.
C:\Users\afsdl\source\repos\timidity_old\timidity\au_a.c(138,14): warning C4996: '_open': This function or variable may be unsafe. Consider using _sopen_s instead. To disable deprecation, use _CRT_SECURE_NO_WARNINGS. See online help for details.
C:\Users\afsdl\source\repos\timidity_old\timidity\au_a.c(141,10): warning C4996: 'strerror': This function or variable may be unsafe. Consider using strerror_s instead. To disable deprecation, use _CRT_SECURE_NO_WARNINGS. See online help for details.
C:\Users\afsdl\source\repos\timidity_old\timidity\au_a.c(195,3): warning C4996: 'strcpy': This function or variable may be unsafe. Consider using strcpy_s instead. To disable deprecation, use _CRT_SECURE_NO_WARNINGS. See online help for details.
C:\Users\afsdl\source\repos\timidity_old\timidity\au_a.c(213,5): warning C4996: 'strcpy': This function or variable may be unsafe. Consider using strcpy_s instead. To disable deprecation, use _CRT_SECURE_NO_WARNINGS. See online help for details.
C:\Users\afsdl\source\repos\timidity_old\timidity\au_a.c(215,5): warning C4996: 'strcpy': This function or variable may be unsafe. Consider using strcpy_s instead. To disable deprecation, use _CRT_SECURE_NO_WARNINGS. See online help for details.
C:\Users\afsdl\source\repos\timidity_old\timidity\au_a.c(275,15): warning C4996: 'strerror': This function or variable may be unsafe. Consider using strerror_s instead. To disable deprecation, use _CRT_SECURE_NO_WARNINGS. See online help for details.
C:\Users\afsdl\source\repos\timidity_old\timidity\au_a.c(300,15): warning C4996: 'strerror': This function or variable may be unsafe. Consider using strerror_s instead. To disable deprecation, use _CRT_SECURE_NO_WARNINGS. See online help for details.
  common.c
C:\Users\afsdl\source\repos\timidity_old\timidity\wrd.h(169,2): warning C4996: 'strncat': This function or variable may be unsafe. Consider using strncat_s instead. To disable deprecation, use _CRT_SECURE_NO_WARNINGS. See online help for details.
  (編譯來源檔案 'common.c')
  
C:\Users\afsdl\source\repos\timidity_old\timidity\wrd.h(173,2): warning C4996: 'strncat': This function or variable may be unsafe. Consider using strncat_s instead. To disable deprecation, use _CRT_SECURE_NO_WARNINGS. See online help for details.
  (編譯來源檔案 'common.c')
  
C:\Users\afsdl\source\repos\timidity_old\timidity\wrd.h(180,6): warning C4996: 'strncat': This function or variable may be unsafe. Consider using strncat_s instead. To disable deprecation, use _CRT_SECURE_NO_WARNINGS. See online help for details.
  (編譯來源檔案 'common.c')
  
C:\Users\afsdl\source\repos\timidity_old\timidity\wrd.h(184,6): warning C4996: 'strncat': This function or variable may be unsafe. Consider using strncat_s instead. To disable deprecation, use _CRT_SECURE_NO_WARNINGS. See online help for details.
  (編譯來源檔案 'common.c')
  
C:\Users\afsdl\source\repos\timidity_old\timidity\wrd.h(189,5): warning C4996: 'strncat': This function or variable may be unsafe. Consider using strncat_s instead. To disable deprecation, use _CRT_SECURE_NO_WARNINGS. See online help for details.
  (編譯來源檔案 'common.c')
  
C:\Users\afsdl\source\repos\timidity_old\timidity\common.c(139,31): warning C4996: 'getpid': The POSIX name for this item is deprecated. Instead, use the ISO C and C++ conformant name: _getpid. See online help for details.
C:\Users\afsdl\source\repos\timidity_old\timidity\common.c(163,7): warning C4996: '_open': This function or variable may be unsafe. Consider using _sopen_s instead. To disable deprecation, use _CRT_SECURE_NO_WARNINGS. See online help for details.
C:\Users\afsdl\source\repos\timidity_old\timidity\common.c(192,12): warning C4996: 'getenv': This function or variable may be unsafe. Consider using _dupenv_s instead. To disable deprecation, use _CRT_SECURE_NO_WARNINGS. See online help for details.
C:\Users\afsdl\source\repos\timidity_old\timidity\common.c(207,13): warning C4996: 'fdopen': The POSIX name for this item is deprecated. Instead, use the ISO C and C++ conformant name: _fdopen. See online help for details.
C:\Users\afsdl\source\repos\timidity_old\timidity\common.c(324,6): warning C4996: 'sprintf': This function or variable may be unsafe. Consider using sprintf_s instead. To disable deprecation, use _CRT_SECURE_NO_WARNINGS. See online help for details.
C:\Users\afsdl\source\repos\timidity_old\timidity\common.c(415,2): warning C4996: 'strncpy': This function or variable may be unsafe. Consider using strncpy_s instead. To disable deprecation, use _CRT_SECURE_NO_WARNINGS. See online help for details.
C:\Users\afsdl\source\repos\timidity_old\timidity\common.c(429,24): warning C4996: 'strerror': This function or variable may be unsafe. Consider using strerror_s instead. To disable deprecation, use _CRT_SECURE_NO_WARNINGS. See online help for details.
C:\Users\afsdl\source\repos\timidity_old\timidity\common.c(436,5): warning C4996: 'strncpy': This function or variable may be unsafe. Consider using strncpy_s instead. To disable deprecation, use _CRT_SECURE_NO_WARNINGS. See online help for details.
C:\Users\afsdl\source\repos\timidity_old\timidity\common.c(441,6): warning C4996: 'strncat': This function or variable may be unsafe. Consider using strncat_s instead. To disable deprecation, use _CRT_SECURE_NO_WARNINGS. See online help for details.
C:\Users\afsdl\source\repos\timidity_old\timidity\common.c(445,4): warning C4996: 'strncat': This function or variable may be unsafe. Consider using strncat_s instead. To disable deprecation, use _CRT_SECURE_NO_WARNINGS. See online help for details.
C:\Users\afsdl\source\repos\timidity_old\timidity\common.c(459,26): warning C4996: 'strerror': This function or variable may be unsafe. Consider using strerror_s instead. To disable deprecation, use _CRT_SECURE_NO_WARNINGS. See online help for details.
C:\Users\afsdl\source\repos\timidity_old\timidity\common.c(468,15): warning C4996: 'strerror': This function or variable may be unsafe. Consider using strerror_s instead. To disable deprecation, use _CRT_SECURE_NO_WARNINGS. See online help for details.
C:\Users\afsdl\source\repos\timidity_old\timidity\common.c(491,2): warning C4996: 'strncpy': This function or variable may be unsafe. Consider using strncpy_s instead. To disable deprecation, use _CRT_SECURE_NO_WARNINGS. See online help for details.
C:\Users\afsdl\source\repos\timidity_old\timidity\common.c(507,24): warning C4996: 'strerror': This function or variable may be unsafe. Consider using strerror_s instead. To disable deprecation, use _CRT_SECURE_NO_WARNINGS. See online help for details.
C:\Users\afsdl\source\repos\timidity_old\timidity\common.c(514,5): warning C4996: 'strncpy': This function or variable may be unsafe. Consider using strncpy_s instead. To disable deprecation, use _CRT_SECURE_NO_WARNINGS. See online help for details.
C:\Users\afsdl\source\repos\timidity_old\timidity\common.c(519,6): warning C4996: 'strncat': This function or variable may be unsafe. Consider using strncat_s instead. To disable deprecation, use _CRT_SECURE_NO_WARNINGS. See online help for details.
C:\Users\afsdl\source\repos\timidity_old\timidity\common.c(523,4): warning C4996: 'strncat': This function or variable may be unsafe. Consider using strncat_s instead. To disable deprecation, use _CRT_SECURE_NO_WARNINGS. See online help for details.
C:\Users\afsdl\source\repos\timidity_old\timidity\common.c(539,26): warning C4996: 'strerror': This function or variable may be unsafe. Consider using strerror_s instead. To disable deprecation, use _CRT_SECURE_NO_WARNINGS. See online help for details.
C:\Users\afsdl\source\repos\timidity_old\timidity\common.c(548,15): warning C4996: 'strerror': This function or variable may be unsafe. Consider using strerror_s instead. To disable deprecation, use _CRT_SECURE_NO_WARNINGS. See online help for details.
C:\Users\afsdl\source\repos\timidity_old\timidity\common.c(743,6): warning C4996: 'strdup': The POSIX name for this item is deprecated. Instead, use the ISO C and C++ conformant name: _strdup. See online help for details.
C:\Users\afsdl\source\repos\timidity_old\timidity\common.c(745,6): warning C4996: 'strdup': The POSIX name for this item is deprecated. Instead, use the ISO C and C++ conformant name: _strdup. See online help for details.
C:\Users\afsdl\source\repos\timidity_old\timidity\common.c(908,2): warning C4996: 'strncpy': This function or variable may be unsafe. Consider using strncpy_s instead. To disable deprecation, use _CRT_SECURE_NO_WARNINGS. See online help for details.
C:\Users\afsdl\source\repos\timidity_old\timidity\common.c(1018,6): warning C4996: 'strncpy': This function or variable may be unsafe. Consider using strncpy_s instead. To disable deprecation, use _CRT_SECURE_NO_WARNINGS. See online help for details.
C:\Users\afsdl\source\repos\timidity_old\timidity\common.c(1036,6): warning C4996: 'strncpy': This function or variable may be unsafe. Consider using strncpy_s instead. To disable deprecation, use _CRT_SECURE_NO_WARNINGS. See online help for details.
C:\Users\afsdl\source\repos\timidity_old\timidity\common.c(1063,2): warning C4996: 'strncpy': This function or variable may be unsafe. Consider using strncpy_s instead. To disable deprecation, use _CRT_SECURE_NO_WARNINGS. See online help for details.
C:\Users\afsdl\source\repos\timidity_old\timidity\common.c(1076,6): warning C4996: 'strncpy': This function or variable may be unsafe. Consider using strncpy_s instead. To disable deprecation, use _CRT_SECURE_NO_WARNINGS. See online help for details.
  controls.c
C:\Users\afsdl\source\repos\timidity_old\timidity\controls.c(243,12): warning C4013: 'write' 未定義; 假設 extern 傳回整數
  effect.c
  filter.c
  flac_a.c
  freq.c
C:\Users\afsdl\source\repos\timidity_old\timidity\freq.c(358,19): warning C4018: '<': signed/unsigned 不相符
C:\Users\afsdl\source\repos\timidity_old\timidity\freq.c(401,62): warning C4018: '<': signed/unsigned 不相符
C:\Users\afsdl\source\repos\timidity_old\timidity\freq.c(411,14): warning C4018: '<': signed/unsigned 不相符
C:\Users\afsdl\source\repos\timidity_old\timidity\freq.c(440,19): warning C4018: '>': signed/unsigned 不相符
C:\Users\afsdl\source\repos\timidity_old\timidity\freq.c(448,19): warning C4018: '<': signed/unsigned 不相符
C:\Users\afsdl\source\repos\timidity_old\timidity\freq.c(458,19): warning C4018: '<': signed/unsigned 不相符
C:\Users\afsdl\source\repos\timidity_old\timidity\freq.c(471,19): warning C4018: '<': signed/unsigned 不相符
C:\Users\afsdl\source\repos\timidity_old\timidity\freq.c(475,19): warning C4018: '<': signed/unsigned 不相符
C:\Users\afsdl\source\repos\timidity_old\timidity\freq.c(569,16): warning C4018: '>=': signed/unsigned 不相符
C:\Users\afsdl\source\repos\timidity_old\timidity\freq.c(687,13): warning C4018: '>=': signed/unsigned 不相符
  gogo_a.c
C:\Users\afsdl\source\repos\timidity_old\timidity\gogo_a.c(1,1): warning C4819: 檔案含有無法在目前字碼頁 (950) 中表示的字元。請以 Unicode 格式儲存檔案以防止資料遺失
C:\Users\afsdl\source\repos\timidity_old\timidity\gogo_a.c(966,1): warning C4819: 檔案含有無法在目前字碼頁 (950) 中表示的字元。請以 Unicode 格式儲存檔案以防止資料遺失
  instrum.c
C:\Users\afsdl\source\repos\timidity_old\timidity\instrum.c(681,5): warning C4996: 'strcpy': This function or variable may be unsafe. Consider using strcpy_s instead. To disable deprecation, use _CRT_SECURE_NO_WARNINGS. See online help for details.
C:\Users\afsdl\source\repos\timidity_old\timidity\instrum.c(682,5): warning C4996: 'strcat': This function or variable may be unsafe. Consider using strcat_s instead. To disable deprecation, use _CRT_SECURE_NO_WARNINGS. See online help for details.
C:\Users\afsdl\source\repos\timidity_old\timidity\instrum.c(897,18): warning C4018: '<': signed/unsigned 不相符
C:\Users\afsdl\source\repos\timidity_old\timidity\instrum.c(951,18): warning C4018: '<': signed/unsigned 不相符
C:\Users\afsdl\source\repos\timidity_old\timidity\instrum.c(1137,4): warning C4996: 'sprintf': This function or variable may be unsafe. Consider using sprintf_s instead. To disable deprecation, use _CRT_SECURE_NO_WARNINGS. See online help for details.
C:\Users\afsdl\source\repos\timidity_old\timidity\instrum.c(1139,4): warning C4996: 'sprintf': This function or variable may be unsafe. Consider using sprintf_s instead. To disable deprecation, use _CRT_SECURE_NO_WARNINGS. See online help for details.
  list_a.c
C:\Users\afsdl\source\repos\timidity_old\timidity\list_a.c(85,5): warning C4996: 'sprintf': This function or variable may be unsafe. Consider using sprintf_s instead. To disable deprecation, use _CRT_SECURE_NO_WARNINGS. See online help for details.
  loadtab.c
C:\Users\afsdl\source\repos\timidity_old\timidity\loadtab.c(47,12): warning C4996: 'fopen': This function or variable may be unsafe. Consider using fopen_s instead. To disable deprecation, use _CRT_SECURE_NO_WARNINGS. See online help for details.
C:\Users\afsdl\source\repos\timidity_old\timidity\loadtab.c(49,33): warning C4996: 'strerror': This function or variable may be unsafe. Consider using strerror_s instead. To disable deprecation, use _CRT_SECURE_NO_WARNINGS. See online help for details.
C:\Users\afsdl\source\repos\timidity_old\timidity\loadtab.c(55,18): warning C4996: 'strtok': This function or variable may be unsafe. Consider using strtok_s instead. To disable deprecation, use _CRT_SECURE_NO_WARNINGS. See online help for details.
C:\Users\afsdl\source\repos\timidity_old\timidity\loadtab.c(63,21): warning C4996: 'strtok': This function or variable may be unsafe. Consider using strtok_s instead. To disable deprecation, use _CRT_SECURE_NO_WARNINGS. See online help for details.
  m2m.c
C:\Users\afsdl\source\repos\timidity_old\timidity\m2m.c(255,5): warning C4996: 'strcpy': This function or variable may be unsafe. Consider using strcpy_s instead. To disable deprecation, use _CRT_SECURE_NO_WARNINGS. See online help for details.
C:\Users\afsdl\source\repos\timidity_old\timidity\m2m.c(269,5): warning C4996: 'strcpy': This function or variable may be unsafe. Consider using strcpy_s instead. To disable deprecation, use _CRT_SECURE_NO_WARNINGS. See online help for details.
C:\Users\afsdl\source\repos\timidity_old\timidity\m2m.c(270,5): warning C4996: 'strcat': This function or variable may be unsafe. Consider using strcat_s instead. To disable deprecation, use _CRT_SECURE_NO_WARNINGS. See online help for details.
C:\Users\afsdl\source\repos\timidity_old\timidity\m2m.c(271,5): warning C4996: 'strcat': This function or variable may be unsafe. Consider using strcat_s instead. To disable deprecation, use _CRT_SECURE_NO_WARNINGS. See online help for details.
C:\Users\afsdl\source\repos\timidity_old\timidity\m2m.c(365,14): warning C4996: 'fopen': This function or variable may be unsafe. Consider using fopen_s instead. To disable deprecation, use _CRT_SECURE_NO_WARNINGS. See online help for details.
C:\Users\afsdl\source\repos\timidity_old\timidity\m2m.c(392,6): warning C4996: 'sprintf': This function or variable may be unsafe. Consider using sprintf_s instead. To disable deprecation, use _CRT_SECURE_NO_WARNINGS. See online help for details.
C:\Users\afsdl\source\repos\timidity_old\timidity\m2m.c(394,6): warning C4996: 'sprintf': This function or variable may be unsafe. Consider using sprintf_s instead. To disable deprecation, use _CRT_SECURE_NO_WARNINGS. See online help for details.
C:\Users\afsdl\source\repos\timidity_old\timidity\m2m.c(400,6): warning C4996: 'sprintf': This function or variable may be unsafe. Consider using sprintf_s instead. To disable deprecation, use _CRT_SECURE_NO_WARNINGS. See online help for details.
C:\Users\afsdl\source\repos\timidity_old\timidity\m2m.c(426,20): warning C4996: 'fopen': This function or variable may be unsafe. Consider using fopen_s instead. To disable deprecation, use _CRT_SECURE_NO_WARNINGS. See online help for details.
C:\Users\afsdl\source\repos\timidity_old\timidity\m2m.c(443,3): warning C4996: 'sprintf': This function or variable may be unsafe. Consider using sprintf_s instead. To disable deprecation, use _CRT_SECURE_NO_WARNINGS. See online help for details.
C:\Users\afsdl\source\repos\timidity_old\timidity\m2m.c(449,7): warning C4996: 'sprintf': This function or variable may be unsafe. Consider using sprintf_s instead. To disable deprecation, use _CRT_SECURE_NO_WARNINGS. See online help for details.
C:\Users\afsdl\source\repos\timidity_old\timidity\m2m.c(460,17): warning C4996: 'fopen': This function or variable may be unsafe. Consider using fopen_s instead. To disable deprecation, use _CRT_SECURE_NO_WARNINGS. See online help for details.
C:\Users\afsdl\source\repos\timidity_old\timidity\m2m.c(471,6): warning C4996: 'sscanf': This function or variable may be unsafe. Consider using sscanf_s instead. To disable deprecation, use _CRT_SECURE_NO_WARNINGS. See online help for details.
C:\Users\afsdl\source\repos\timidity_old\timidity\m2m.c(741,47): warning C4018: '<=': signed/unsigned 不相符
C:\Users\afsdl\source\repos\timidity_old\timidity\m2m.c(1511,16): warning C4018: '<': signed/unsigned 不相符
C:\Users\afsdl\source\repos\timidity_old\timidity\m2m.c(1467,15): warning C4996: 'fopen': This function or variable may be unsafe. Consider using fopen_s instead. To disable deprecation, use _CRT_SECURE_NO_WARNINGS. See online help for details.
  mfi.c
  mfnode.c
  miditrace.c
C:\Users\afsdl\source\repos\timidity_old\timidity\wrd.h(169,2): warning C4996: 'strncat': This function or variable may be unsafe. Consider using strncat_s instead. To disable deprecation, use _CRT_SECURE_NO_WARNINGS. See online help for details.
  (編譯來源檔案 '../timidity/miditrace.c')
  
C:\Users\afsdl\source\repos\timidity_old\timidity\wrd.h(173,2): warning C4996: 'strncat': This function or variable may be unsafe. Consider using strncat_s instead. To disable deprecation, use _CRT_SECURE_NO_WARNINGS. See online help for details.
  (編譯來源檔案 '../timidity/miditrace.c')
  
C:\Users\afsdl\source\repos\timidity_old\timidity\wrd.h(180,6): warning C4996: 'strncat': This function or variable may be unsafe. Consider using strncat_s instead. To disable deprecation, use _CRT_SECURE_NO_WARNINGS. See online help for details.
  (編譯來源檔案 '../timidity/miditrace.c')
  
C:\Users\afsdl\source\repos\timidity_old\timidity\wrd.h(184,6): warning C4996: 'strncat': This function or variable may be unsafe. Consider using strncat_s instead. To disable deprecation, use _CRT_SECURE_NO_WARNINGS. See online help for details.
  (編譯來源檔案 '../timidity/miditrace.c')
  
C:\Users\afsdl\source\repos\timidity_old\timidity\wrd.h(189,5): warning C4996: 'strncat': This function or variable may be unsafe. Consider using strncat_s instead. To disable deprecation, use _CRT_SECURE_NO_WARNINGS. See online help for details.
  (編譯來源檔案 '../timidity/miditrace.c')
  
  mix.c
  mod.c
C:\Users\afsdl\source\repos\timidity_old\timidity\mod.c(1599,28): warning C4018: '>': signed/unsigned 不相符
C:\Users\afsdl\source\repos\timidity_old\timidity\mod.c(1704,27): warning C4018: '>': signed/unsigned 不相符
C:\Users\afsdl\source\repos\timidity_old\timidity\mod.c(1855,32): warning C4018: '>': signed/unsigned 不相符
  正在編譯...
  mod2midi.c
C:\Users\afsdl\source\repos\timidity_old\timidity\mod2midi.c(634,6): warning C4996: 'strncpy': This function or variable may be unsafe. Consider using strncpy_s instead. To disable deprecation, use _CRT_SECURE_NO_WARNINGS. See online help for details.
  modmid_a.c
  mt19937ar.c
C:\Users\afsdl\source\repos\timidity_old\timidity\mt19937ar.c(86,14): warning C4018: '>=': signed/unsigned 不相符
  optcode.c
  output.c
C:\Users\afsdl\source\repos\timidity_old\timidity\output.c(580,5): warning C4996: 'strcat': This function or variable may be unsafe. Consider using strcat_s instead. To disable deprecation, use _CRT_SECURE_NO_WARNINGS. See online help for details.
C:\Users\afsdl\source\repos\timidity_old\timidity\output.c(587,2): warning C4996: 'strcat': This function or variable may be unsafe. Consider using strcat_s instead. To disable deprecation, use _CRT_SECURE_NO_WARNINGS. See online help for details.
C:\Users\afsdl\source\repos\timidity_old\timidity\output.c(591,5): warning C4996: 'strcat': This function or variable may be unsafe. Consider using strcat_s instead. To disable deprecation, use _CRT_SECURE_NO_WARNINGS. See online help for details.
C:\Users\afsdl\source\repos\timidity_old\timidity\output.c(690,7): warning C4996: 'strcpy': This function or variable may be unsafe. Consider using strcpy_s instead. To disable deprecation, use _CRT_SECURE_NO_WARNINGS. See online help for details.
C:\Users\afsdl\source\repos\timidity_old\timidity\output.c(679,7): warning C4996: 'strncpy': This function or variable may be unsafe. Consider using strncpy_s instead. To disable deprecation, use _CRT_SECURE_NO_WARNINGS. See online help for details.
  playmidi.c
C:\Users\afsdl\source\repos\timidity_old\timidity\wrd.h(169,2): warning C4996: 'strncat': This function or variable may be unsafe. Consider using strncat_s instead. To disable deprecation, use _CRT_SECURE_NO_WARNINGS. See online help for details.
  (編譯來源檔案 '../timidity/playmidi.c')
  
C:\Users\afsdl\source\repos\timidity_old\timidity\wrd.h(173,2): warning C4996: 'strncat': This function or variable may be unsafe. Consider using strncat_s instead. To disable deprecation, use _CRT_SECURE_NO_WARNINGS. See online help for details.
  (編譯來源檔案 '../timidity/playmidi.c')
  
C:\Users\afsdl\source\repos\timidity_old\timidity\wrd.h(180,6): warning C4996: 'strncat': This function or variable may be unsafe. Consider using strncat_s instead. To disable deprecation, use _CRT_SECURE_NO_WARNINGS. See online help for details.
  (編譯來源檔案 '../timidity/playmidi.c')
  
C:\Users\afsdl\source\repos\timidity_old\timidity\wrd.h(184,6): warning C4996: 'strncat': This function or variable may be unsafe. Consider using strncat_s instead. To disable deprecation, use _CRT_SECURE_NO_WARNINGS. See online help for details.
  (編譯來源檔案 '../timidity/playmidi.c')
  
C:\Users\afsdl\source\repos\timidity_old\timidity\wrd.h(189,5): warning C4996: 'strncat': This function or variable may be unsafe. Consider using strncat_s instead. To disable deprecation, use _CRT_SECURE_NO_WARNINGS. See online help for details.
  (編譯來源檔案 '../timidity/playmidi.c')
  
C:\Users\afsdl\source\repos\timidity_old\timidity\playmidi.c(8375,2): warning C4996: 'strcpy': This function or variable may be unsafe. Consider using strcpy_s instead. To disable deprecation, use _CRT_SECURE_NO_WARNINGS. See online help for details.
C:\Users\afsdl\source\repos\timidity_old\timidity\playmidi.c(8376,2): warning C4996: 'strcat': This function or variable may be unsafe. Consider using strcat_s instead. To disable deprecation, use _CRT_SECURE_NO_WARNINGS. See online help for details.
C:\Users\afsdl\source\repos\timidity_old\timidity\playmidi.c(8411,2): warning C4996: 'strcpy': This function or variable may be unsafe. Consider using strcpy_s instead. To disable deprecation, use _CRT_SECURE_NO_WARNINGS. See online help for details.
C:\Users\afsdl\source\repos\timidity_old\timidity\playmidi.c(8412,2): warning C4996: 'strcat': This function or variable may be unsafe. Consider using strcat_s instead. To disable deprecation, use _CRT_SECURE_NO_WARNINGS. See online help for details.
  portaudio_a.c
  quantity.c
  raw_a.c
C:\Users\afsdl\source\repos\timidity_old\timidity\raw_a.c(125,12): warning C4996: '_open': This function or variable may be unsafe. Consider using _sopen_s instead. To disable deprecation, use _CRT_SECURE_NO_WARNINGS. See online help for details.
C:\Users\afsdl\source\repos\timidity_old\timidity\raw_a.c(127,15): warning C4996: 'strerror': This function or variable may be unsafe. Consider using strerror_s instead. To disable deprecation, use _CRT_SECURE_NO_WARNINGS. See online help for details.
C:\Users\afsdl\source\repos\timidity_old\timidity\raw_a.c(137,3): warning C4996: 'strcpy': This function or variable may be unsafe. Consider using strcpy_s instead. To disable deprecation, use _CRT_SECURE_NO_WARNINGS. See online help for details.
C:\Users\afsdl\source\repos\timidity_old\timidity\raw_a.c(155,5): warning C4996: 'strcpy': This function or variable may be unsafe. Consider using strcpy_s instead. To disable deprecation, use _CRT_SECURE_NO_WARNINGS. See online help for details.
C:\Users\afsdl\source\repos\timidity_old\timidity\raw_a.c(163,5): warning C4996: 'strcpy': This function or variable may be unsafe. Consider using strcpy_s instead. To disable deprecation, use _CRT_SECURE_NO_WARNINGS. See online help for details.
C:\Users\afsdl\source\repos\timidity_old\timidity\raw_a.c(205,15): warning C4996: 'strerror': This function or variable may be unsafe. Consider using strerror_s instead. To disable deprecation, use _CRT_SECURE_NO_WARNINGS. See online help for details.
  rcp.c
C:\Users\afsdl\source\repos\timidity_old\timidity\rcp.c(99,5): warning C4996: 'strncpy': This function or variable may be unsafe. Consider using strncpy_s instead. To disable deprecation, use _CRT_SECURE_NO_WARNINGS. See online help for details.
C:\Users\afsdl\source\repos\timidity_old\timidity\rcp.c(390,2): warning C4996: 'sprintf': This function or variable may be unsafe. Consider using sprintf_s instead. To disable deprecation, use _CRT_SECURE_NO_WARNINGS. See online help for details.
  readmidi.c
C:\Users\afsdl\source\repos\timidity_old\timidity\wrd.h(169,2): warning C4996: 'strncat': This function or variable may be unsafe. Consider using strncat_s instead. To disable deprecation, use _CRT_SECURE_NO_WARNINGS. See online help for details.
  (編譯來源檔案 '../timidity/readmidi.c')
  
C:\Users\afsdl\source\repos\timidity_old\timidity\wrd.h(173,2): warning C4996: 'strncat': This function or variable may be unsafe. Consider using strncat_s instead. To disable deprecation, use _CRT_SECURE_NO_WARNINGS. See online help for details.
  (編譯來源檔案 '../timidity/readmidi.c')
  
C:\Users\afsdl\source\repos\timidity_old\timidity\wrd.h(180,6): warning C4996: 'strncat': This function or variable may be unsafe. Consider using strncat_s instead. To disable deprecation, use _CRT_SECURE_NO_WARNINGS. See online help for details.
  (編譯來源檔案 '../timidity/readmidi.c')
  
C:\Users\afsdl\source\repos\timidity_old\timidity\wrd.h(184,6): warning C4996: 'strncat': This function or variable may be unsafe. Consider using strncat_s instead. To disable deprecation, use _CRT_SECURE_NO_WARNINGS. See online help for details.
  (編譯來源檔案 '../timidity/readmidi.c')
  
C:\Users\afsdl\source\repos\timidity_old\timidity\wrd.h(189,5): warning C4996: 'strncat': This function or variable may be unsafe. Consider using strncat_s instead. To disable deprecation, use _CRT_SECURE_NO_WARNINGS. See online help for details.
  (編譯來源檔案 '../timidity/readmidi.c')
  
C:\Users\afsdl\source\repos\timidity_old\timidity\readmidi.c(415,23): warning C4996: 'strerror': This function or variable may be unsafe. Consider using strerror_s instead. To disable deprecation, use _CRT_SECURE_NO_WARNINGS. See online help for details.
C:\Users\afsdl\source\repos\timidity_old\timidity\readmidi.c(3486,24): warning C4996: 'strerror': This function or variable may be unsafe. Consider using strerror_s instead. To disable deprecation, use _CRT_SECURE_NO_WARNINGS. See online help for details.
C:\Users\afsdl\source\repos\timidity_old\timidity\readmidi.c(4419,9): warning C4996: 'strerror': This function or variable may be unsafe. Consider using strerror_s instead. To disable deprecation, use _CRT_SECURE_NO_WARNINGS. See online help for details.
C:\Users\afsdl\source\repos\timidity_old\timidity\readmidi.c(4776,9): warning C4996: 'strerror': This function or variable may be unsafe. Consider using strerror_s instead. To disable deprecation, use _CRT_SECURE_NO_WARNINGS. See online help for details.
C:\Users\afsdl\source\repos\timidity_old\timidity\readmidi.c(5572,13): warning C4996: 'strerror': This function or variable may be unsafe. Consider using strerror_s instead. To disable deprecation, use _CRT_SECURE_NO_WARNINGS. See online help for details.
C:\Users\afsdl\source\repos\timidity_old\timidity\readmidi.c(5577,15): warning C4996: 'fopen': This function or variable may be unsafe. Consider using fopen_s instead. To disable deprecation, use _CRT_SECURE_NO_WARNINGS. See online help for details.
C:\Users\afsdl\source\repos\timidity_old\timidity\readmidi.c(5581,13): warning C4996: 'strerror': This function or variable may be unsafe. Consider using strerror_s instead. To disable deprecation, use _CRT_SECURE_NO_WARNINGS. See online help for details.
C:\Users\afsdl\source\repos\timidity_old\timidity\readmidi.c(5919,4): warning C4996: 'sprintf': This function or variable may be unsafe. Consider using sprintf_s instead. To disable deprecation, use _CRT_SECURE_NO_WARNINGS. See online help for details.
  recache.c
C:\Users\afsdl\source\repos\timidity_old\timidity\recache.c(252,12): warning C4018: '>': signed/unsigned 不相符
C:\Users\afsdl\source\repos\timidity_old\timidity\recache.c(426,17): warning C4018: '<': signed/unsigned 不相符
C:\Users\afsdl\source\repos\timidity_old\timidity\recache.c(433,17): warning C4018: '<': signed/unsigned 不相符
  resample.c
C:\Users\afsdl\source\repos\timidity_old\timidity\resample.c(1326,15): warning C4018: '>=': signed/unsigned 不相符
  reverb.c
  sbkconv.c
  sffile.c
  sfitem.c
  smfconv.c
  smplfile.c
C:\Users\afsdl\source\repos\timidity_old\timidity\smplfile.c(129,20): warning C4996: 'strdup': The POSIX name for this item is deprecated. Instead, use the ISO C and C++ conformant name: _strdup. See online help for details.
  sndfont.c
C:\Users\afsdl\source\repos\timidity_old\timidity\sndfont.c(1273,21): warning C4018: '>': signed/unsigned 不相符
C:\Users\afsdl\source\repos\timidity_old\timidity\sndfont.c(1275,23): warning C4018: '>': signed/unsigned 不相符
  正在編譯...
  tables.c
  timidity.c
C:\Users\afsdl\source\repos\timidity_old\timidity\wrd.h(169,2): warning C4996: 'strncat': This function or variable may be unsafe. Consider using strncat_s instead. To disable deprecation, use _CRT_SECURE_NO_WARNINGS. See online help for details.
  (編譯來源檔案 '../timidity/timidity.c')
  
C:\Users\afsdl\source\repos\timidity_old\timidity\wrd.h(173,2): warning C4996: 'strncat': This function or variable may be unsafe. Consider using strncat_s instead. To disable deprecation, use _CRT_SECURE_NO_WARNINGS. See online help for details.
  (編譯來源檔案 '../timidity/timidity.c')
  
C:\Users\afsdl\source\repos\timidity_old\timidity\wrd.h(180,6): warning C4996: 'strncat': This function or variable may be unsafe. Consider using strncat_s instead. To disable deprecation, use _CRT_SECURE_NO_WARNINGS. See online help for details.
  (編譯來源檔案 '../timidity/timidity.c')
  
C:\Users\afsdl\source\repos\timidity_old\timidity\wrd.h(184,6): warning C4996: 'strncat': This function or variable may be unsafe. Consider using strncat_s instead. To disable deprecation, use _CRT_SECURE_NO_WARNINGS. See online help for details.
  (編譯來源檔案 '../timidity/timidity.c')
  
C:\Users\afsdl\source\repos\timidity_old\timidity\wrd.h(189,5): warning C4996: 'strncat': This function or variable may be unsafe. Consider using strncat_s instead. To disable deprecation, use _CRT_SECURE_NO_WARNINGS. See online help for details.
  (編譯來源檔案 '../timidity/timidity.c')
  
C:\Users\afsdl\source\repos\timidity_old\timidity\timidity.c(609,9): warning C4068: 未知的 pragma 'argsused'
C:\Users\afsdl\source\repos\timidity_old\timidity\timidity.c(796,25): warning C4996: 'strncpy': This function or variable may be unsafe. Consider using strncpy_s instead. To disable deprecation, use _CRT_SECURE_NO_WARNINGS. See online help for details.
C:\Users\afsdl\source\repos\timidity_old\timidity\timidity.c(1686,20): warning C4047: '函式': 'int *(__cdecl *)()' 與 'int' 間接取值的層級不同
C:\Users\afsdl\source\repos\timidity_old\timidity\timidity.c(1686,20): warning C4024: 'getopt_long': 型式和實質參數 1 不同的類型
C:\Users\afsdl\source\repos\timidity_old\timidity\timidity.c(1686,27): warning C4047: '函式': 'char *const **(__cdecl *)()' 與 'char *[131]' 間接取值的層級不同
C:\Users\afsdl\source\repos\timidity_old\timidity\timidity.c(1686,27): warning C4024: 'getopt_long': 型式和實質參數 2 不同的類型
C:\Users\afsdl\source\repos\timidity_old\timidity\timidity.c(2289,6): warning C4996: 'strncpy': This function or variable may be unsafe. Consider using strncpy_s instead. To disable deprecation, use _CRT_SECURE_NO_WARNINGS. See online help for details.
C:\Users\afsdl\source\repos\timidity_old\timidity\timidity.c(2457,32): warning C4996: 'strerror': This function or variable may be unsafe. Consider using strerror_s instead. To disable deprecation, use _CRT_SECURE_NO_WARNINGS. See online help for details.
C:\Users\afsdl\source\repos\timidity_old\timidity\timidity.c(2504,5): warning C4996: 'sprintf': This function or variable may be unsafe. Consider using sprintf_s instead. To disable deprecation, use _CRT_SECURE_NO_WARNINGS. See online help for details.
C:\Users\afsdl\source\repos\timidity_old\timidity\timidity.c(2515,12): warning C4996: 'getenv': This function or variable may be unsafe. Consider using _dupenv_s instead. To disable deprecation, use _CRT_SECURE_NO_WARNINGS. See online help for details.
C:\Users\afsdl\source\repos\timidity_old\timidity\timidity.c(2519,9): warning C4996: 'getenv': This function or variable may be unsafe. Consider using _dupenv_s instead. To disable deprecation, use _CRT_SECURE_NO_WARNINGS. See online help for details.
C:\Users\afsdl\source\repos\timidity_old\timidity\timidity.c(2530,5): warning C4996: 'sprintf': This function or variable may be unsafe. Consider using sprintf_s instead. To disable deprecation, use _CRT_SECURE_NO_WARNINGS. See online help for details.
C:\Users\afsdl\source\repos\timidity_old\timidity\timidity.c(2535,5): warning C4996: 'sprintf': This function or variable may be unsafe. Consider using sprintf_s instead. To disable deprecation, use _CRT_SECURE_NO_WARNINGS. See online help for details.
C:\Users\afsdl\source\repos\timidity_old\timidity\timidity.c(2541,5): warning C4996: 'sprintf': This function or variable may be unsafe. Consider using sprintf_s instead. To disable deprecation, use _CRT_SECURE_NO_WARNINGS. See online help for details.
C:\Users\afsdl\source\repos\timidity_old\timidity\timidity.c(4115,2): warning C4996: 'strcpy': This function or variable may be unsafe. Consider using strcpy_s instead. To disable deprecation, use _CRT_SECURE_NO_WARNINGS. See online help for details.
C:\Users\afsdl\source\repos\timidity_old\timidity\timidity.c(4116,2): warning C4996: 'strcat': This function or variable may be unsafe. Consider using strcat_s instead. To disable deprecation, use _CRT_SECURE_NO_WARNINGS. See online help for details.
C:\Users\afsdl\source\repos\timidity_old\timidity\timidity.c(4110,7): warning C4101: 'mark': 未參考的區域變數
C:\Users\afsdl\source\repos\timidity_old\timidity\timidity.c(4842,2): warning C4996: 'strncpy': This function or variable may be unsafe. Consider using strncpy_s instead. To disable deprecation, use _CRT_SECURE_NO_WARNINGS. See online help for details.
C:\Users\afsdl\source\repos\timidity_old\timidity\timidity.c(5355,13): warning C4996: 'write': The POSIX name for this item is deprecated. Instead, use the ISO C and C++ conformant name: _write. See online help for details.
C:\Users\afsdl\source\repos\timidity_old\timidity\timidity.c(5359,14): warning C4996: 'write': The POSIX name for this item is deprecated. Instead, use the ISO C and C++ conformant name: _write. See online help for details.
C:\Users\afsdl\source\repos\timidity_old\timidity\timidity.c(5460,6): warning C4996: 'strcpy': This function or variable may be unsafe. Consider using strcpy_s instead. To disable deprecation, use _CRT_SECURE_NO_WARNINGS. See online help for details.
C:\Users\afsdl\source\repos\timidity_old\timidity\timidity.c(5461,6): warning C4996: 'strcat': This function or variable may be unsafe. Consider using strcat_s instead. To disable deprecation, use _CRT_SECURE_NO_WARNINGS. See online help for details.
C:\Users\afsdl\source\repos\timidity_old\timidity\timidity.c(5511,7): warning C4996: 'strcat': This function or variable may be unsafe. Consider using strcat_s instead. To disable deprecation, use _CRT_SECURE_NO_WARNINGS. See online help for details.
C:\Users\afsdl\source\repos\timidity_old\timidity\timidity.c(5513,5): warning C4996: 'strncpy': This function or variable may be unsafe. Consider using strncpy_s instead. To disable deprecation, use _CRT_SECURE_NO_WARNINGS. See online help for details.
C:\Users\afsdl\source\repos\timidity_old\timidity\timidity.c(5514,17): warning C4996: '_open': This function or variable may be unsafe. Consider using _sopen_s instead. To disable deprecation, use _CRT_SECURE_NO_WARNINGS. See online help for details.
C:\Users\afsdl\source\repos\timidity_old\timidity\timidity.c(5533,6): warning C4996: 'strncat': This function or variable may be unsafe. Consider using strncat_s instead. To disable deprecation, use _CRT_SECURE_NO_WARNINGS. See online help for details.
C:\Users\afsdl\source\repos\timidity_old\timidity\timidity.c(5534,18): warning C4996: '_open': This function or variable may be unsafe. Consider using _sopen_s instead. To disable deprecation, use _CRT_SECURE_NO_WARNINGS. See online help for details.
C:\Users\afsdl\source\repos\timidity_old\timidity\timidity.c(5614,14): warning C4996: 'getenv': This function or variable may be unsafe. Consider using _dupenv_s instead. To disable deprecation, use _CRT_SECURE_NO_WARNINGS. See online help for details.
C:\Users\afsdl\source\repos\timidity_old\timidity\timidity.c(5765,6): warning C4996: 'setmode': The POSIX name for this item is deprecated. Instead, use the ISO C and C++ conformant name: _setmode. See online help for details.
C:\Users\afsdl\source\repos\timidity_old\timidity\timidity.c(5774,6): warning C4996: 'setmode': The POSIX name for this item is deprecated. Instead, use the ISO C and C++ conformant name: _setmode. See online help for details.
C:\Users\afsdl\source\repos\timidity_old\timidity\timidity.c(6057,4): warning C4996: 'strcpy': This function or variable may be unsafe. Consider using strcpy_s instead. To disable deprecation, use _CRT_SECURE_NO_WARNINGS. See online help for details.
C:\Users\afsdl\source\repos\timidity_old\timidity\timidity.c(6070,26): warning C4047: '函式': 'int *(__cdecl *)()' 與 'int' 間接取值的層級不同
C:\Users\afsdl\source\repos\timidity_old\timidity\timidity.c(6070,26): warning C4024: 'getopt_long': 型式和實質參數 1 不同的類型
C:\Users\afsdl\source\repos\timidity_old\timidity\timidity.c(6070,32): warning C4047: '函式': 'char *const **(__cdecl *)()' 與 'char **' 間接取值的層級不同
C:\Users\afsdl\source\repos\timidity_old\timidity\timidity.c(6070,32): warning C4024: 'getopt_long': 型式和實質參數 2 不同的類型
C:\Users\afsdl\source\repos\timidity_old\timidity\timidity.c(6082,26): warning C4047: '函式': 'int *(__cdecl *)()' 與 'int' 間接取值的層級不同
C:\Users\afsdl\source\repos\timidity_old\timidity\timidity.c(6082,26): warning C4024: 'getopt_long': 型式和實質參數 1 不同的類型
C:\Users\afsdl\source\repos\timidity_old\timidity\timidity.c(6082,32): warning C4047: '函式': 'char *const **(__cdecl *)()' 與 'char **' 間接取值的層級不同
C:\Users\afsdl\source\repos\timidity_old\timidity\timidity.c(6082,32): warning C4024: 'getopt_long': 型式和實質參數 2 不同的類型
C:\Users\afsdl\source\repos\timidity_old\timidity\timidity.c(6157,2): warning C4013: 'w32g_free_doc' 未定義; 假設 extern 傳回整數
C:\Users\afsdl\source\repos\timidity_old\timidity\timidity.c(6099,4): warning C4996: 'strncpy': This function or variable may be unsafe. Consider using strncpy_s instead. To disable deprecation, use _CRT_SECURE_NO_WARNINGS. See online help for details.
C:\Users\afsdl\source\repos\timidity_old\timidity\timidity.c(6111,6): warning C4996: 'strncat': This function or variable may be unsafe. Consider using strncat_s instead. To disable deprecation, use _CRT_SECURE_NO_WARNINGS. See online help for details.
  version.c
  vorbis_a.c
  w32_a.c
C:\Users\afsdl\source\repos\timidity_old\timidity\w32_a.c(235,9): warning C4996: 'sscanf': This function or variable may be unsafe. Consider using sscanf_s instead. To disable deprecation, use _CRT_SECURE_NO_WARNINGS. See online help for details.
C:\Users\afsdl\source\repos\timidity_old\timidity\w32_a.c(784,16): warning C4018: '<': signed/unsigned 不相符
C:\Users\afsdl\source\repos\timidity_old\timidity\w32_a.c(787,4): warning C4996: 'strcpy': This function or variable may be unsafe. Consider using strcpy_s instead. To disable deprecation, use _CRT_SECURE_NO_WARNINGS. See online help for details.
  w32_gogo.c
C:\Users\afsdl\source\repos\timidity_old\timidity\w32_gogo.c(1,1): warning C4819: 檔案含有無法在目前字碼頁 (950) 中表示的字元。請以 Unicode 格式儲存檔案以防止資料遺失
  wave_a.c
C:\Users\afsdl\source\repos\timidity_old\timidity\wave_a.c(138,10): warning C4996: '_open': This function or variable may be unsafe. Consider using _sopen_s instead. To disable deprecation, use _CRT_SECURE_NO_WARNINGS. See online help for details.
C:\Users\afsdl\source\repos\timidity_old\timidity\wave_a.c(141,10): warning C4996: 'strerror': This function or variable may be unsafe. Consider using strerror_s instead. To disable deprecation, use _CRT_SECURE_NO_WARNINGS. See online help for details.
C:\Users\afsdl\source\repos\timidity_old\timidity\wave_a.c(185,18): warning C4996: 'strerror': This function or variable may be unsafe. Consider using strerror_s instead. To disable deprecation, use _CRT_SECURE_NO_WARNINGS. See online help for details.
C:\Users\afsdl\source\repos\timidity_old\timidity\wave_a.c(277,15): warning C4996: 'strerror': This function or variable may be unsafe. Consider using strerror_s instead. To disable deprecation, use _CRT_SECURE_NO_WARNINGS. See online help for details.
C:\Users\afsdl\source\repos\timidity_old\timidity\wave_a.c(311,15): warning C4996: 'strerror': This function or variable may be unsafe. Consider using strerror_s instead. To disable deprecation, use _CRT_SECURE_NO_WARNINGS. See online help for details.
  wrdt.c
C:\Users\afsdl\source\repos\timidity_old\timidity\wrd.h(169,2): warning C4996: 'strncat': This function or variable may be unsafe. Consider using strncat_s instead. To disable deprecation, use _CRT_SECURE_NO_WARNINGS. See online help for details.
  (編譯來源檔案 '../timidity/wrdt.c')
  
C:\Users\afsdl\source\repos\timidity_old\timidity\wrd.h(173,2): warning C4996: 'strncat': This function or variable may be unsafe. Consider using strncat_s instead. To disable deprecation, use _CRT_SECURE_NO_WARNINGS. See online help for details.
  (編譯來源檔案 '../timidity/wrdt.c')
  
C:\Users\afsdl\source\repos\timidity_old\timidity\wrd.h(180,6): warning C4996: 'strncat': This function or variable may be unsafe. Consider using strncat_s instead. To disable deprecation, use _CRT_SECURE_NO_WARNINGS. See online help for details.
  (編譯來源檔案 '../timidity/wrdt.c')
  
C:\Users\afsdl\source\repos\timidity_old\timidity\wrd.h(184,6): warning C4996: 'strncat': This function or variable may be unsafe. Consider using strncat_s instead. To disable deprecation, use _CRT_SECURE_NO_WARNINGS. See online help for details.
  (編譯來源檔案 '../timidity/wrdt.c')
  
C:\Users\afsdl\source\repos\timidity_old\timidity\wrd.h(189,5): warning C4996: 'strncat': This function or variable may be unsafe. Consider using strncat_s instead. To disable deprecation, use _CRT_SECURE_NO_WARNINGS. See online help for details.
  (編譯來源檔案 '../timidity/wrdt.c')
  
C:\Users\afsdl\source\repos\timidity_old\timidity\wrdt.c(198,2): warning C4996: 'strncpy': This function or variable may be unsafe. Consider using strncpy_s instead. To disable deprecation, use _CRT_SECURE_NO_WARNINGS. See online help for details.
C:\Users\afsdl\source\repos\timidity_old\timidity\wrdt.c(199,2): warning C4996: 'strncpy': This function or variable may be unsafe. Consider using strncpy_s instead. To disable deprecation, use _CRT_SECURE_NO_WARNINGS. See online help for details.
C:\Users\afsdl\source\repos\timidity_old\timidity\wrdt.c(222,5): warning C4996: 'strcpy': This function or variable may be unsafe. Consider using strcpy_s instead. To disable deprecation, use _CRT_SECURE_NO_WARNINGS. See online help for details.
C:\Users\afsdl\source\repos\timidity_old\timidity\wrdt.c(228,5): warning C4996: 'strcat': This function or variable may be unsafe. Consider using strcat_s instead. To disable deprecation, use _CRT_SECURE_NO_WARNINGS. See online help for details.
  wrd_read.c
C:\Users\afsdl\source\repos\timidity_old\timidity\wrd.h(169,2): warning C4996: 'strncat': This function or variable may be unsafe. Consider using strncat_s instead. To disable deprecation, use _CRT_SECURE_NO_WARNINGS. See online help for details.
  (編譯來源檔案 '../timidity/wrd_read.c')
  
C:\Users\afsdl\source\repos\timidity_old\timidity\wrd.h(173,2): warning C4996: 'strncat': This function or variable may be unsafe. Consider using strncat_s instead. To disable deprecation, use _CRT_SECURE_NO_WARNINGS. See online help for details.
  (編譯來源檔案 '../timidity/wrd_read.c')
  
C:\Users\afsdl\source\repos\timidity_old\timidity\wrd.h(180,6): warning C4996: 'strncat': This function or variable may be unsafe. Consider using strncat_s instead. To disable deprecation, use _CRT_SECURE_NO_WARNINGS. See online help for details.
  (編譯來源檔案 '../timidity/wrd_read.c')
  
C:\Users\afsdl\source\repos\timidity_old\timidity\wrd.h(184,6): warning C4996: 'strncat': This function or variable may be unsafe. Consider using strncat_s instead. To disable deprecation, use _CRT_SECURE_NO_WARNINGS. See online help for details.
  (編譯來源檔案 '../timidity/wrd_read.c')
  
C:\Users\afsdl\source\repos\timidity_old\timidity\wrd.h(189,5): warning C4996: 'strncat': This function or variable may be unsafe. Consider using strncat_s instead. To disable deprecation, use _CRT_SECURE_NO_WARNINGS. See online help for details.
  (編譯來源檔案 '../timidity/wrd_read.c')
  
C:\Users\afsdl\source\repos\timidity_old\timidity\wrd_read.c(1201,5): warning C4996: 'strcpy': This function or variable may be unsafe. Consider using strcpy_s instead. To disable deprecation, use _CRT_SECURE_NO_WARNINGS. See online help for details.
C:\Users\afsdl\source\repos\timidity_old\timidity\wrd_read.c(1208,2): warning C4996: 'strcpy': This function or variable may be unsafe. Consider using strcpy_s instead. To disable deprecation, use _CRT_SECURE_NO_WARNINGS. See online help for details.
C:\Users\afsdl\source\repos\timidity_old\timidity\wrd_read.c(1210,2): warning C4996: 'strcpy': This function or variable may be unsafe. Consider using strcpy_s instead. To disable deprecation, use _CRT_SECURE_NO_WARNINGS. See online help for details.
K:\Program Files\VisualStudio\MSBuild\Microsoft\VC\v170\Microsoft.CppBuild.targets(1554,5): warning MSB8012: TargetPath(C:\Users\afsdl\source\repos\timidity_old\timidity\Release\timidity.lib) 與 Library 的 OutputFile 屬性值 (C:\Users\afsdl\source\repos\timidity_old\Release\timidity.lib) 不相符。這可能會導致您的專案建置不正確。若要改正這種情況，請確認 $(OutDir)、$(TargetName) 和 $(TargetExt) 屬性值必須與 %(Lib.OutputFile) 中指定的值相符。
  timidity.vcxproj -> C:\Users\afsdl\source\repos\timidity_old\timidity\Release\timidity.lib
