c:\users\afsdl\source\repos\timidity_back\timidity\release\timidity.pdb
c:\users\afsdl\source\repos\timidity_back\timidity\release\mod.obj
c:\users\afsdl\source\repos\timidity_back\timidity\release\mix.obj
c:\users\afsdl\source\repos\timidity_back\timidity\release\miditrace.obj
c:\users\afsdl\source\repos\timidity_back\timidity\release\mfnode.obj
c:\users\afsdl\source\repos\timidity_back\timidity\release\mfi.obj
c:\users\afsdl\source\repos\timidity_back\timidity\release\m2m.obj
c:\users\afsdl\source\repos\timidity_back\timidity\release\loadtab.obj
c:\users\afsdl\source\repos\timidity_back\timidity\release\list_a.obj
c:\users\afsdl\source\repos\timidity_back\timidity\release\instrum.obj
c:\users\afsdl\source\repos\timidity_back\timidity\release\gogo_a.obj
c:\users\afsdl\source\repos\timidity_back\timidity\release\freq.obj
c:\users\afsdl\source\repos\timidity_back\timidity\release\flac_a.obj
c:\users\afsdl\source\repos\timidity_back\timidity\release\filter.obj
c:\users\afsdl\source\repos\timidity_back\timidity\release\effect.obj
c:\users\afsdl\source\repos\timidity_back\timidity\release\controls.obj
c:\users\afsdl\source\repos\timidity_back\timidity\release\common.obj
c:\users\afsdl\source\repos\timidity_back\timidity\release\au_a.obj
c:\users\afsdl\source\repos\timidity_back\timidity\release\audio_cnv.obj
c:\users\afsdl\source\repos\timidity_back\timidity\release\aq.obj
c:\users\afsdl\source\repos\timidity_back\timidity\release\aiff_a.obj
c:\users\afsdl\source\repos\timidity_back\timidity\release\sndfont.obj
c:\users\afsdl\source\repos\timidity_back\timidity\release\smplfile.obj
c:\users\afsdl\source\repos\timidity_back\timidity\release\smfconv.obj
c:\users\afsdl\source\repos\timidity_back\timidity\release\sfitem.obj
c:\users\afsdl\source\repos\timidity_back\timidity\release\sffile.obj
c:\users\afsdl\source\repos\timidity_back\timidity\release\sbkconv.obj
c:\users\afsdl\source\repos\timidity_back\timidity\release\reverb.obj
c:\users\afsdl\source\repos\timidity_back\timidity\release\resample.obj
c:\users\afsdl\source\repos\timidity_back\timidity\release\recache.obj
c:\users\afsdl\source\repos\timidity_back\timidity\release\readmidi.obj
c:\users\afsdl\source\repos\timidity_back\timidity\release\rcp.obj
c:\users\afsdl\source\repos\timidity_back\timidity\release\raw_a.obj
c:\users\afsdl\source\repos\timidity_back\timidity\release\quantity.obj
c:\users\afsdl\source\repos\timidity_back\timidity\release\portaudio_a.obj
c:\users\afsdl\source\repos\timidity_back\timidity\release\playmidi.obj
c:\users\afsdl\source\repos\timidity_back\timidity\release\output.obj
c:\users\afsdl\source\repos\timidity_back\timidity\release\optcode.obj
c:\users\afsdl\source\repos\timidity_back\timidity\release\mt19937ar.obj
c:\users\afsdl\source\repos\timidity_back\timidity\release\modmid_a.obj
c:\users\afsdl\source\repos\timidity_back\timidity\release\mod2midi.obj
c:\users\afsdl\source\repos\timidity_back\timidity\release\wrd_read.obj
c:\users\afsdl\source\repos\timidity_back\timidity\release\wrdt.obj
c:\users\afsdl\source\repos\timidity_back\timidity\release\wave_a.obj
c:\users\afsdl\source\repos\timidity_back\timidity\release\w32_gogo.obj
c:\users\afsdl\source\repos\timidity_back\timidity\release\w32_a.obj
c:\users\afsdl\source\repos\timidity_back\timidity\release\vorbis_a.obj
c:\users\afsdl\source\repos\timidity_back\timidity\release\version.obj
c:\users\afsdl\source\repos\timidity_back\timidity\release\timidity.obj
c:\users\afsdl\source\repos\timidity_back\timidity\release\tables.obj
c:\users\afsdl\source\repos\timidity_back\release\timidity.lib
c:\users\afsdl\source\repos\timidity_back\timidity\release\timidity.tlog\cl.command.1.tlog
c:\users\afsdl\source\repos\timidity_back\timidity\release\timidity.tlog\cl.items.tlog
c:\users\afsdl\source\repos\timidity_back\timidity\release\timidity.tlog\cl.read.1.tlog
c:\users\afsdl\source\repos\timidity_back\timidity\release\timidity.tlog\cl.write.1.tlog
c:\users\afsdl\source\repos\timidity_back\timidity\release\timidity.tlog\lib-link.read.1.tlog
c:\users\afsdl\source\repos\timidity_back\timidity\release\timidity.tlog\lib-link.write.1.tlog
c:\users\afsdl\source\repos\timidity_back\timidity\release\timidity.tlog\lib.command.1.tlog
