c:\users\afsdl\source\repos\timidity_back\utils\release\utils.pdb
c:\users\afsdl\source\repos\timidity_back\utils\release\timer.obj
c:\users\afsdl\source\repos\timidity_back\utils\release\support.obj
c:\users\afsdl\source\repos\timidity_back\utils\release\strtab.obj
c:\users\afsdl\source\repos\timidity_back\utils\release\readdir_win.obj
c:\users\afsdl\source\repos\timidity_back\utils\release\nkflib.obj
c:\users\afsdl\source\repos\timidity_back\utils\release\net.obj
c:\users\afsdl\source\repos\timidity_back\utils\release\memb.obj
c:\users\afsdl\source\repos\timidity_back\utils\release\mblock.obj
c:\users\afsdl\source\repos\timidity_back\utils\release\getopt.obj
c:\users\afsdl\source\repos\timidity_back\utils\release\fft4g.obj
c:\users\afsdl\source\repos\timidity_back\utils\release\fft.obj
c:\users\afsdl\source\repos\timidity_back\utils\release\bitset.obj
c:\users\afsdl\source\repos\timidity_back\release\utils.lib
c:\users\afsdl\source\repos\timidity_back\utils\release\utils.tlog\cl.command.1.tlog
c:\users\afsdl\source\repos\timidity_back\utils\release\utils.tlog\cl.items.tlog
c:\users\afsdl\source\repos\timidity_back\utils\release\utils.tlog\cl.read.1.tlog
c:\users\afsdl\source\repos\timidity_back\utils\release\utils.tlog\cl.write.1.tlog
c:\users\afsdl\source\repos\timidity_back\utils\release\utils.tlog\lib-link.read.1.tlog
c:\users\afsdl\source\repos\timidity_back\utils\release\utils.tlog\lib-link.write.1.tlog
c:\users\afsdl\source\repos\timidity_back\utils\release\utils.tlog\lib.command.1.tlog
