c:\users\afsdl\source\repos\timidity_back\timidity\debug\timidity.pdb
c:\users\afsdl\source\repos\timidity_back\timidity\debug\timidity.idb
c:\users\afsdl\source\repos\timidity_back\timidity\debug\rcp.obj
c:\users\afsdl\source\repos\timidity_back\timidity\debug\readmidi.obj
c:\users\afsdl\source\repos\timidity_back\timidity\debug\recache.obj
c:\users\afsdl\source\repos\timidity_back\timidity\debug\resample.obj
c:\users\afsdl\source\repos\timidity_back\timidity\debug\reverb.obj
c:\users\afsdl\source\repos\timidity_back\timidity\debug\sbkconv.obj
c:\users\afsdl\source\repos\timidity_back\timidity\debug\sffile.obj
c:\users\afsdl\source\repos\timidity_back\timidity\debug\sfitem.obj
c:\users\afsdl\source\repos\timidity_back\timidity\debug\smfconv.obj
c:\users\afsdl\source\repos\timidity_back\timidity\debug\smplfile.obj
c:\users\afsdl\source\repos\timidity_back\timidity\debug\sndfont.obj
c:\users\afsdl\source\repos\timidity_back\timidity\debug\tables.obj
c:\users\afsdl\source\repos\timidity_back\timidity\debug\timidity.obj
c:\users\afsdl\source\repos\timidity_back\timidity\debug\version.obj
c:\users\afsdl\source\repos\timidity_back\timidity\debug\vorbis_a.obj
c:\users\afsdl\source\repos\timidity_back\timidity\debug\w32_a.obj
c:\users\afsdl\source\repos\timidity_back\timidity\debug\w32_gogo.obj
c:\users\afsdl\source\repos\timidity_back\timidity\debug\wave_a.obj
c:\users\afsdl\source\repos\timidity_back\timidity\debug\wrdt.obj
c:\users\afsdl\source\repos\timidity_back\timidity\debug\wrd_read.obj
c:\users\afsdl\source\repos\timidity_back\timidity\debug\freq.obj
c:\users\afsdl\source\repos\timidity_back\timidity\debug\gogo_a.obj
c:\users\afsdl\source\repos\timidity_back\timidity\debug\instrum.obj
c:\users\afsdl\source\repos\timidity_back\timidity\debug\list_a.obj
c:\users\afsdl\source\repos\timidity_back\timidity\debug\loadtab.obj
c:\users\afsdl\source\repos\timidity_back\timidity\debug\m2m.obj
c:\users\afsdl\source\repos\timidity_back\timidity\debug\mfi.obj
c:\users\afsdl\source\repos\timidity_back\timidity\debug\mfnode.obj
c:\users\afsdl\source\repos\timidity_back\timidity\debug\miditrace.obj
c:\users\afsdl\source\repos\timidity_back\timidity\debug\mix.obj
c:\users\afsdl\source\repos\timidity_back\timidity\debug\mod.obj
c:\users\afsdl\source\repos\timidity_back\timidity\debug\mod2midi.obj
c:\users\afsdl\source\repos\timidity_back\timidity\debug\modmid_a.obj
c:\users\afsdl\source\repos\timidity_back\timidity\debug\mt19937ar.obj
c:\users\afsdl\source\repos\timidity_back\timidity\debug\optcode.obj
c:\users\afsdl\source\repos\timidity_back\timidity\debug\output.obj
c:\users\afsdl\source\repos\timidity_back\timidity\debug\playmidi.obj
c:\users\afsdl\source\repos\timidity_back\timidity\debug\portaudio_a.obj
c:\users\afsdl\source\repos\timidity_back\timidity\debug\quantity.obj
c:\users\afsdl\source\repos\timidity_back\timidity\debug\raw_a.obj
c:\users\afsdl\source\repos\timidity_back\timidity\debug\aiff_a.obj
c:\users\afsdl\source\repos\timidity_back\timidity\debug\aq.obj
c:\users\afsdl\source\repos\timidity_back\timidity\debug\audio_cnv.obj
c:\users\afsdl\source\repos\timidity_back\timidity\debug\au_a.obj
c:\users\afsdl\source\repos\timidity_back\timidity\debug\common.obj
c:\users\afsdl\source\repos\timidity_back\timidity\debug\controls.obj
c:\users\afsdl\source\repos\timidity_back\timidity\debug\effect.obj
c:\users\afsdl\source\repos\timidity_back\timidity\debug\filter.obj
c:\users\afsdl\source\repos\timidity_back\timidity\debug\flac_a.obj
c:\users\afsdl\source\repos\timidity_back\debug\timidity.lib
c:\users\afsdl\source\repos\timidity_old\timidity\debug\aiff_a.obj
c:\users\afsdl\source\repos\timidity_old\timidity\debug\aq.obj
c:\users\afsdl\source\repos\timidity_old\timidity\debug\audio_cnv.obj
c:\users\afsdl\source\repos\timidity_old\timidity\debug\au_a.obj
c:\users\afsdl\source\repos\timidity_old\timidity\debug\common.obj
c:\users\afsdl\source\repos\timidity_old\timidity\debug\controls.obj
c:\users\afsdl\source\repos\timidity_old\timidity\debug\effect.obj
c:\users\afsdl\source\repos\timidity_old\timidity\debug\filter.obj
c:\users\afsdl\source\repos\timidity_old\timidity\debug\flac_a.obj
c:\users\afsdl\source\repos\timidity_old\timidity\debug\freq.obj
c:\users\afsdl\source\repos\timidity_old\timidity\debug\gogo_a.obj
c:\users\afsdl\source\repos\timidity_old\timidity\debug\instrum.obj
c:\users\afsdl\source\repos\timidity_old\timidity\debug\list_a.obj
c:\users\afsdl\source\repos\timidity_old\timidity\debug\loadtab.obj
c:\users\afsdl\source\repos\timidity_old\timidity\debug\m2m.obj
c:\users\afsdl\source\repos\timidity_old\timidity\debug\mfi.obj
c:\users\afsdl\source\repos\timidity_old\timidity\debug\mfnode.obj
c:\users\afsdl\source\repos\timidity_old\timidity\debug\miditrace.obj
c:\users\afsdl\source\repos\timidity_old\timidity\debug\mix.obj
c:\users\afsdl\source\repos\timidity_old\timidity\debug\mod.obj
c:\users\afsdl\source\repos\timidity_old\timidity\debug\mod2midi.obj
c:\users\afsdl\source\repos\timidity_old\timidity\debug\modmid_a.obj
c:\users\afsdl\source\repos\timidity_old\timidity\debug\mt19937ar.obj
c:\users\afsdl\source\repos\timidity_old\timidity\debug\optcode.obj
c:\users\afsdl\source\repos\timidity_old\timidity\debug\output.obj
c:\users\afsdl\source\repos\timidity_old\timidity\debug\playmidi.obj
c:\users\afsdl\source\repos\timidity_old\timidity\debug\portaudio_a.obj
c:\users\afsdl\source\repos\timidity_old\timidity\debug\quantity.obj
c:\users\afsdl\source\repos\timidity_old\timidity\debug\raw_a.obj
c:\users\afsdl\source\repos\timidity_old\timidity\debug\rcp.obj
c:\users\afsdl\source\repos\timidity_old\timidity\debug\readmidi.obj
c:\users\afsdl\source\repos\timidity_old\timidity\debug\recache.obj
c:\users\afsdl\source\repos\timidity_old\timidity\debug\resample.obj
c:\users\afsdl\source\repos\timidity_old\timidity\debug\reverb.obj
c:\users\afsdl\source\repos\timidity_old\timidity\debug\sbkconv.obj
c:\users\afsdl\source\repos\timidity_old\timidity\debug\sffile.obj
c:\users\afsdl\source\repos\timidity_old\timidity\debug\sfitem.obj
c:\users\afsdl\source\repos\timidity_old\timidity\debug\smfconv.obj
c:\users\afsdl\source\repos\timidity_old\timidity\debug\smplfile.obj
c:\users\afsdl\source\repos\timidity_old\timidity\debug\sndfont.obj
c:\users\afsdl\source\repos\timidity_old\timidity\debug\tables.obj
c:\users\afsdl\source\repos\timidity_old\timidity\debug\timidity.obj
c:\users\afsdl\source\repos\timidity_old\timidity\debug\version.obj
c:\users\afsdl\source\repos\timidity_old\timidity\debug\vorbis_a.obj
c:\users\afsdl\source\repos\timidity_old\timidity\debug\w32_a.obj
c:\users\afsdl\source\repos\timidity_old\timidity\debug\w32_gogo.obj
c:\users\afsdl\source\repos\timidity_old\timidity\debug\wave_a.obj
c:\users\afsdl\source\repos\timidity_old\timidity\debug\wrdt.obj
c:\users\afsdl\source\repos\timidity_old\timidity\debug\wrd_read.obj
c:\users\afsdl\source\repos\timidity_old\timidity\debug\timidity.idb
c:\users\afsdl\source\repos\timidity_old\timidity\debug\timidity.pdb
c:\users\afsdl\source\repos\timidity_old\timidity\debug\timidity.tlog\cl.command.1.tlog
c:\users\afsdl\source\repos\timidity_old\timidity\debug\timidity.tlog\cl.items.tlog
c:\users\afsdl\source\repos\timidity_old\timidity\debug\timidity.tlog\cl.read.1.tlog
c:\users\afsdl\source\repos\timidity_old\timidity\debug\timidity.tlog\cl.write.1.tlog
c:\users\afsdl\source\repos\timidity_old\timidity\debug\timidity.tlog\lib-link.read.1.tlog
c:\users\afsdl\source\repos\timidity_old\timidity\debug\timidity.tlog\lib-link.write.1.tlog
c:\users\afsdl\source\repos\timidity_old\timidity\debug\timidity.tlog\lib.command.1.tlog
