c:\users\afsdl\source\repos\timidity_back\libunimod\release\libunimod.pdb
c:\users\afsdl\source\repos\timidity_back\libunimod\release\mlutil.obj
c:\users\afsdl\source\repos\timidity_back\libunimod\release\mloader.obj
c:\users\afsdl\source\repos\timidity_back\libunimod\release\load_xm.obj
c:\users\afsdl\source\repos\timidity_back\libunimod\release\load_uni.obj
c:\users\afsdl\source\repos\timidity_back\libunimod\release\load_ult.obj
c:\users\afsdl\source\repos\timidity_back\libunimod\release\load_stx.obj
c:\users\afsdl\source\repos\timidity_back\libunimod\release\load_stm.obj
c:\users\afsdl\source\repos\timidity_back\libunimod\release\load_s3m.obj
c:\users\afsdl\source\repos\timidity_back\libunimod\release\load_okt.obj
c:\users\afsdl\source\repos\timidity_back\libunimod\release\load_mtm.obj
c:\users\afsdl\source\repos\timidity_back\libunimod\release\load_mod.obj
c:\users\afsdl\source\repos\timidity_back\libunimod\release\load_med.obj
c:\users\afsdl\source\repos\timidity_back\libunimod\release\load_m15.obj
c:\users\afsdl\source\repos\timidity_back\libunimod\release\load_it.obj
c:\users\afsdl\source\repos\timidity_back\libunimod\release\load_imf.obj
c:\users\afsdl\source\repos\timidity_back\libunimod\release\load_gdm.obj
c:\users\afsdl\source\repos\timidity_back\libunimod\release\load_far.obj
c:\users\afsdl\source\repos\timidity_back\libunimod\release\load_dsm.obj
c:\users\afsdl\source\repos\timidity_back\libunimod\release\load_amf.obj
c:\users\afsdl\source\repos\timidity_back\libunimod\release\load_669.obj
c:\users\afsdl\source\repos\timidity_back\libunimod\release\munitrk.obj
c:\users\afsdl\source\repos\timidity_back\libunimod\release\mmsup.obj
c:\users\afsdl\source\repos\timidity_back\release\libunimod.lib
c:\users\afsdl\source\repos\timidity_back\libunimod\release\libunimod.tlog\cl.command.1.tlog
c:\users\afsdl\source\repos\timidity_back\libunimod\release\libunimod.tlog\cl.items.tlog
c:\users\afsdl\source\repos\timidity_back\libunimod\release\libunimod.tlog\cl.read.1.tlog
c:\users\afsdl\source\repos\timidity_back\libunimod\release\libunimod.tlog\cl.write.1.tlog
c:\users\afsdl\source\repos\timidity_back\libunimod\release\libunimod.tlog\lib-link.read.1.tlog
c:\users\afsdl\source\repos\timidity_back\libunimod\release\libunimod.tlog\lib-link.write.1.tlog
c:\users\afsdl\source\repos\timidity_back\libunimod\release\libunimod.tlog\lib.command.1.tlog
