c:\users\afsdl\source\repos\timidity_back\timw32g\debug\vc143.pdb
c:\users\afsdl\source\repos\timidity_back\timw32g\debug\vc143.idb
c:\users\afsdl\source\repos\timidity_back\timw32g\debug\w32g_c.obj
c:\users\afsdl\source\repos\timidity_back\timw32g\debug\w32g_dib.obj
c:\users\afsdl\source\repos\timidity_back\timw32g\debug\w32g_i.obj
c:\users\afsdl\source\repos\timidity_back\timw32g\debug\w32g_ini.obj
c:\users\afsdl\source\repos\timidity_back\timw32g\debug\w32g_mag.obj
c:\users\afsdl\source\repos\timidity_back\timw32g\debug\w32g_playlist.obj
c:\users\afsdl\source\repos\timidity_back\timw32g\debug\w32g_pref.obj
c:\users\afsdl\source\repos\timidity_back\timw32g\debug\w32g_subwin.obj
c:\users\afsdl\source\repos\timidity_back\timw32g\debug\w32g_subwin2.obj
c:\users\afsdl\source\repos\timidity_back\timw32g\debug\w32g_subwin3.obj
c:\users\afsdl\source\repos\timidity_back\timw32g\debug\w32g_ut2.obj
c:\users\afsdl\source\repos\timidity_back\timw32g\debug\w32g_utl.obj
c:\users\afsdl\source\repos\timidity_back\timw32g\debug\wrdt_w32g.obj
c:\users\afsdl\source\repos\timidity_back\timw32g\debug\w32g_ogg_dll.obj
c:\users\afsdl\source\repos\timidity_back\timw32g\debug\w32g_vorbisenc_dll.obj
c:\users\afsdl\source\repos\timidity_back\timw32g\debug\w32g_vorbis_dll.obj
c:\users\afsdl\source\repos\timidity_back\timw32g\debug\w32_libflac_dll.obj
c:\users\afsdl\source\repos\timidity_back\timw32g\debug\w32_liboggflac_dll.obj
c:\users\afsdl\source\repos\timidity_back\timw32g\debug\w32_portaudio_dll.obj
c:\users\afsdl\source\repos\timidity_back\debug\timw32g.exe
c:\users\afsdl\source\repos\timidity_back\timw32g\debug\timw32g.pdb
c:\users\afsdl\source\repos\timidity_back\timw32g\debug\w32g_res.res
c:\users\afsdl\source\repos\timidity_back\timw32g\debug\timw32g.ilk
c:\users\afsdl\source\repos\timidity_old\timw32g\debug\w32g_c.obj
c:\users\afsdl\source\repos\timidity_old\timw32g\debug\w32g_dib.obj
c:\users\afsdl\source\repos\timidity_old\timw32g\debug\w32g_i.obj
c:\users\afsdl\source\repos\timidity_old\timw32g\debug\w32g_ini.obj
c:\users\afsdl\source\repos\timidity_old\timw32g\debug\w32g_mag.obj
c:\users\afsdl\source\repos\timidity_old\timw32g\debug\w32g_ogg_dll.obj
c:\users\afsdl\source\repos\timidity_old\timw32g\debug\w32g_playlist.obj
c:\users\afsdl\source\repos\timidity_old\timw32g\debug\w32g_pref.obj
c:\users\afsdl\source\repos\timidity_old\timw32g\debug\w32g_subwin.obj
c:\users\afsdl\source\repos\timidity_old\timw32g\debug\w32g_subwin2.obj
c:\users\afsdl\source\repos\timidity_old\timw32g\debug\w32g_subwin3.obj
c:\users\afsdl\source\repos\timidity_old\timw32g\debug\w32g_ut2.obj
c:\users\afsdl\source\repos\timidity_old\timw32g\debug\w32g_utl.obj
c:\users\afsdl\source\repos\timidity_old\timw32g\debug\w32g_vorbisenc_dll.obj
c:\users\afsdl\source\repos\timidity_old\timw32g\debug\w32g_vorbis_dll.obj
c:\users\afsdl\source\repos\timidity_old\timw32g\debug\w32_libflac_dll.obj
c:\users\afsdl\source\repos\timidity_old\timw32g\debug\w32_liboggflac_dll.obj
c:\users\afsdl\source\repos\timidity_old\timw32g\debug\w32_portaudio_dll.obj
c:\users\afsdl\source\repos\timidity_old\timw32g\debug\wrdt_w32g.obj
c:\users\afsdl\source\repos\timidity_old\timw32g\debug\timw32g.ilk
c:\users\afsdl\source\repos\timidity_old\timw32g\debug\w32g_res.res
c:\users\afsdl\source\repos\timidity_old\timw32g\debug\vc143.idb
c:\users\afsdl\source\repos\timidity_old\timw32g\debug\timw32g.pdb
c:\users\afsdl\source\repos\timidity_old\timw32g\debug\vc143.pdb
c:\users\afsdl\source\repos\timidity_old\debug\timw32g.exe
c:\users\afsdl\source\repos\timidity_old\timw32g\debug\timw32g.tlog\cl.command.1.tlog
c:\users\afsdl\source\repos\timidity_old\timw32g\debug\timw32g.tlog\cl.items.tlog
c:\users\afsdl\source\repos\timidity_old\timw32g\debug\timw32g.tlog\cl.read.1.tlog
c:\users\afsdl\source\repos\timidity_old\timw32g\debug\timw32g.tlog\cl.write.1.tlog
c:\users\afsdl\source\repos\timidity_old\timw32g\debug\timw32g.tlog\link.command.1.tlog
c:\users\afsdl\source\repos\timidity_old\timw32g\debug\timw32g.tlog\link.read.1.tlog
c:\users\afsdl\source\repos\timidity_old\timw32g\debug\timw32g.tlog\link.secondary.1.tlog
c:\users\afsdl\source\repos\timidity_old\timw32g\debug\timw32g.tlog\link.write.1.tlog
c:\users\afsdl\source\repos\timidity_old\timw32g\debug\timw32g.tlog\rc.command.1.tlog
c:\users\afsdl\source\repos\timidity_old\timw32g\debug\timw32g.tlog\rc.read.1.tlog
c:\users\afsdl\source\repos\timidity_old\timw32g\debug\timw32g.tlog\rc.write.1.tlog
