c:\users\afsdl\source\repos\timidity_back\utils\debug\utils.pdb
c:\users\afsdl\source\repos\timidity_back\utils\debug\utils.idb
c:\users\afsdl\source\repos\timidity_back\utils\debug\bitset.obj
c:\users\afsdl\source\repos\timidity_back\utils\debug\fft.obj
c:\users\afsdl\source\repos\timidity_back\utils\debug\fft4g.obj
c:\users\afsdl\source\repos\timidity_back\utils\debug\getopt.obj
c:\users\afsdl\source\repos\timidity_back\utils\debug\mblock.obj
c:\users\afsdl\source\repos\timidity_back\utils\debug\memb.obj
c:\users\afsdl\source\repos\timidity_back\utils\debug\net.obj
c:\users\afsdl\source\repos\timidity_back\utils\debug\nkflib.obj
c:\users\afsdl\source\repos\timidity_back\utils\debug\readdir_win.obj
c:\users\afsdl\source\repos\timidity_back\utils\debug\strtab.obj
c:\users\afsdl\source\repos\timidity_back\utils\debug\support.obj
c:\users\afsdl\source\repos\timidity_back\utils\debug\timer.obj
c:\users\afsdl\source\repos\timidity_back\debug\utils.lib
c:\users\afsdl\source\repos\timidity_old\utils\debug\bitset.obj
c:\users\afsdl\source\repos\timidity_old\utils\debug\fft.obj
c:\users\afsdl\source\repos\timidity_old\utils\debug\fft4g.obj
c:\users\afsdl\source\repos\timidity_old\utils\debug\getopt.obj
c:\users\afsdl\source\repos\timidity_old\utils\debug\mblock.obj
c:\users\afsdl\source\repos\timidity_old\utils\debug\memb.obj
c:\users\afsdl\source\repos\timidity_old\utils\debug\net.obj
c:\users\afsdl\source\repos\timidity_old\utils\debug\nkflib.obj
c:\users\afsdl\source\repos\timidity_old\utils\debug\readdir_win.obj
c:\users\afsdl\source\repos\timidity_old\utils\debug\strtab.obj
c:\users\afsdl\source\repos\timidity_old\utils\debug\support.obj
c:\users\afsdl\source\repos\timidity_old\utils\debug\timer.obj
c:\users\afsdl\source\repos\timidity_old\utils\debug\utils.idb
c:\users\afsdl\source\repos\timidity_old\utils\debug\utils.pdb
c:\users\afsdl\source\repos\timidity_old\utils\debug\utils.tlog\cl.command.1.tlog
c:\users\afsdl\source\repos\timidity_old\utils\debug\utils.tlog\cl.items.tlog
c:\users\afsdl\source\repos\timidity_old\utils\debug\utils.tlog\cl.read.1.tlog
c:\users\afsdl\source\repos\timidity_old\utils\debug\utils.tlog\cl.write.1.tlog
c:\users\afsdl\source\repos\timidity_old\utils\debug\utils.tlog\lib-link.read.1.tlog
c:\users\afsdl\source\repos\timidity_old\utils\debug\utils.tlog\lib-link.write.1.tlog
c:\users\afsdl\source\repos\timidity_old\utils\debug\utils.tlog\lib.command.1.tlog
