c:\users\afsdl\source\repos\timidity_back\libunimod\debug\libunimod.pdb
c:\users\afsdl\source\repos\timidity_back\libunimod\debug\libunimod.idb
c:\users\afsdl\source\repos\timidity_back\libunimod\debug\load_dsm.obj
c:\users\afsdl\source\repos\timidity_back\libunimod\debug\load_far.obj
c:\users\afsdl\source\repos\timidity_back\libunimod\debug\load_gdm.obj
c:\users\afsdl\source\repos\timidity_back\libunimod\debug\load_imf.obj
c:\users\afsdl\source\repos\timidity_back\libunimod\debug\load_it.obj
c:\users\afsdl\source\repos\timidity_back\libunimod\debug\load_m15.obj
c:\users\afsdl\source\repos\timidity_back\libunimod\debug\load_med.obj
c:\users\afsdl\source\repos\timidity_back\libunimod\debug\load_mod.obj
c:\users\afsdl\source\repos\timidity_back\libunimod\debug\load_mtm.obj
c:\users\afsdl\source\repos\timidity_back\libunimod\debug\load_okt.obj
c:\users\afsdl\source\repos\timidity_back\libunimod\debug\load_s3m.obj
c:\users\afsdl\source\repos\timidity_back\libunimod\debug\load_stm.obj
c:\users\afsdl\source\repos\timidity_back\libunimod\debug\load_stx.obj
c:\users\afsdl\source\repos\timidity_back\libunimod\debug\load_ult.obj
c:\users\afsdl\source\repos\timidity_back\libunimod\debug\load_uni.obj
c:\users\afsdl\source\repos\timidity_back\libunimod\debug\load_xm.obj
c:\users\afsdl\source\repos\timidity_back\libunimod\debug\mloader.obj
c:\users\afsdl\source\repos\timidity_back\libunimod\debug\mlutil.obj
c:\users\afsdl\source\repos\timidity_back\libunimod\debug\mmsup.obj
c:\users\afsdl\source\repos\timidity_back\libunimod\debug\munitrk.obj
c:\users\afsdl\source\repos\timidity_back\libunimod\debug\load_669.obj
c:\users\afsdl\source\repos\timidity_back\libunimod\debug\load_amf.obj
c:\users\afsdl\source\repos\timidity_back\debug\libunimod.lib
c:\users\afsdl\source\repos\timidity_old\libunimod\debug\load_669.obj
c:\users\afsdl\source\repos\timidity_old\libunimod\debug\load_amf.obj
c:\users\afsdl\source\repos\timidity_old\libunimod\debug\load_dsm.obj
c:\users\afsdl\source\repos\timidity_old\libunimod\debug\load_far.obj
c:\users\afsdl\source\repos\timidity_old\libunimod\debug\load_gdm.obj
c:\users\afsdl\source\repos\timidity_old\libunimod\debug\load_imf.obj
c:\users\afsdl\source\repos\timidity_old\libunimod\debug\load_it.obj
c:\users\afsdl\source\repos\timidity_old\libunimod\debug\load_m15.obj
c:\users\afsdl\source\repos\timidity_old\libunimod\debug\load_med.obj
c:\users\afsdl\source\repos\timidity_old\libunimod\debug\load_mod.obj
c:\users\afsdl\source\repos\timidity_old\libunimod\debug\load_mtm.obj
c:\users\afsdl\source\repos\timidity_old\libunimod\debug\load_okt.obj
c:\users\afsdl\source\repos\timidity_old\libunimod\debug\load_s3m.obj
c:\users\afsdl\source\repos\timidity_old\libunimod\debug\load_stm.obj
c:\users\afsdl\source\repos\timidity_old\libunimod\debug\load_stx.obj
c:\users\afsdl\source\repos\timidity_old\libunimod\debug\load_ult.obj
c:\users\afsdl\source\repos\timidity_old\libunimod\debug\load_uni.obj
c:\users\afsdl\source\repos\timidity_old\libunimod\debug\load_xm.obj
c:\users\afsdl\source\repos\timidity_old\libunimod\debug\mloader.obj
c:\users\afsdl\source\repos\timidity_old\libunimod\debug\mlutil.obj
c:\users\afsdl\source\repos\timidity_old\libunimod\debug\mmsup.obj
c:\users\afsdl\source\repos\timidity_old\libunimod\debug\munitrk.obj
c:\users\afsdl\source\repos\timidity_old\libunimod\debug\libunimod.idb
c:\users\afsdl\source\repos\timidity_old\libunimod\debug\libunimod.pdb
c:\users\afsdl\source\repos\timidity_old\libunimod\debug\libunimod.tlog\cl.command.1.tlog
c:\users\afsdl\source\repos\timidity_old\libunimod\debug\libunimod.tlog\cl.items.tlog
c:\users\afsdl\source\repos\timidity_old\libunimod\debug\libunimod.tlog\cl.read.1.tlog
c:\users\afsdl\source\repos\timidity_old\libunimod\debug\libunimod.tlog\cl.write.1.tlog
c:\users\afsdl\source\repos\timidity_old\libunimod\debug\libunimod.tlog\lib-link.read.1.tlog
c:\users\afsdl\source\repos\timidity_old\libunimod\debug\libunimod.tlog\lib-link.write.1.tlog
c:\users\afsdl\source\repos\timidity_old\libunimod\debug\libunimod.tlog\lib.command.1.tlog
